\BOOKMARK [1][-]{section.1}{\376\377\123\321\146\016\124\015\171\360}{}% 1
\BOOKMARK [1][-]{section.2}{\376\377\142\200\147\057\230\206\127\337}{}% 2
\BOOKMARK [1][-]{section.3}{\376\377\147\057\213\355\116\016\177\051\121\231\377\010\136\372\213\256\377\011}{}% 3
\BOOKMARK [1][-]{section.4}{\376\377\163\260\147\011\142\200\147\057\166\204\142\200\147\057\145\271\150\110}{}% 4
\BOOKMARK [2][-]{subsection.4.1}{\376\377\122\240\133\306\220\032\117\341\116\016\124\016\221\317\133\120\217\301\171\373\166\204\163\260\162\266}{section.4}% 5
\BOOKMARK [2][-]{subsection.4.2}{\376\377\133\306\170\001\145\117\143\167\377\010\000C\000r\000y\000p\000t\000o\000\040\000A\000g\000i\000l\000i\000t\000y\377\011\116\016\121\166\116\015\215\263}{section.4}% 6
\BOOKMARK [1][-]{section.5}{\376\377\163\260\147\011\142\200\147\057\166\204\177\072\160\271\123\312\147\054\165\063\213\367\143\320\150\110\211\201\211\343\121\263\166\204\142\200\147\057\225\356\230\230}{}% 7
\BOOKMARK [1][-]{section.6}{\376\377\147\054\123\321\146\016\142\200\147\057\145\271\150\110}{}% 8
\BOOKMARK [2][-]{subsection.6.1}{\376\377\174\373\176\337\140\073\117\123\147\266\147\204}{section.6}% 9
\BOOKMARK [2][-]{subsection.6.2}{\376\377\121\163\225\056\142\200\147\057\155\101\172\013}{section.6}% 10
\BOOKMARK [3][-]{subsubsection.6.2.1}{\376\377\117\032\213\335\136\372\172\313\116\016\215\363\230\221\171\315\133\120\123\117\125\106}{subsection.6.2}% 11
\BOOKMARK [3][-]{subsubsection.6.2.2}{\376\377\145\340\162\266\140\001\155\076\165\037\116\016\116\161\136\217\133\271\137\315}{subsection.6.2}% 12
\BOOKMARK [3][-]{subsubsection.6.2.3}{\376\377\123\327\117\335\142\244\123\125\121\103\377\010\145\160\143\156\123\005\000/\213\260\137\125\377\011\166\204\147\000\134\017\150\074\137\017\116\016\000A\000A\000D\176\321\133\232\377\010\136\372\213\256\377\011}{subsection.6.2}% 13
\BOOKMARK [3][-]{subsubsection.6.2.4}{\376\377\153\143\116\244\133\211\121\150\176\246\147\137\116\016\174\173\122\053\215\335\171\273\136\246\221\317}{subsection.6.2}% 14
\BOOKMARK [3][-]{subsubsection.6.2.5}{\376\377\217\307\156\041\221\315\123\340\172\227\123\343\116\016\123\314\211\343\170\001\173\126\165\145}{subsection.6.2}% 15
\BOOKMARK [3][-]{subsubsection.6.2.6}{\376\377\123\357\220\011\166\204\121\150\140\157\161\265\122\006\145\143\377\010\000H\000E\000D\377\011}{subsection.6.2}% 16
\BOOKMARK [3][-]{subsubsection.6.2.7}{\376\377\123\357\220\011\166\204\131\032\215\357\137\204\117\040\217\223\122\006\145\143\377\010\000M\000P\000T\000D\377\011}{subsection.6.2}% 17
\BOOKMARK [3][-]{subsubsection.6.2.8}{\376\377\132\001\200\301\141\037\167\345\116\016\201\352\220\002\136\224\215\363\230\221\377\010\123\357\220\011\377\011}{subsection.6.2}% 18
\BOOKMARK [1][-]{section.7}{\376\377\147\054\123\321\146\016\142\337\117\335\142\244\166\204\116\073\211\201\122\033\145\260\160\271}{}% 19
\BOOKMARK [1][-]{section.8}{\376\377\147\054\123\321\146\016\166\204\117\030\160\271}{}% 20
\BOOKMARK [1][-]{section.9}{\376\377\147\054\123\321\146\016\123\357\200\375\166\204\133\236\163\260\162\171\137\201}{}% 21
\BOOKMARK [1][-]{section.10}{\376\377\226\104\126\376\213\364\146\016}{}% 22
\BOOKMARK [1][-]{section.11}{\376\377\121\167\117\123\133\236\145\275\145\271\137\017}{}% 23
\BOOKMARK [2][-]{subsection.11.1}{\376\377\133\236\145\275\117\213\0001\377\032\127\372\116\216\136\217\123\367\166\204\122\250\140\001\215\363\230\221\220\032\117\341}{section.11}% 24
\BOOKMARK [2][-]{subsection.11.2}{\376\377\133\236\145\275\117\213\0001\000a\377\032\117\134\116\072\163\260\147\011\123\117\213\256\150\010\213\260\137\125\134\102\000/\226\247\220\123\134\102\166\204\204\075\127\060\145\271\137\017\377\010\171\072\117\213\377\011}{section.11}% 25
\BOOKMARK [2][-]{subsection.11.3}{\376\377\133\236\145\275\117\213\0002\377\032\176\323\124\010\000H\000E\000D\166\204\226\010\120\074\122\006\162\107}{section.11}% 26
\BOOKMARK [2][-]{subsection.11.4}{\376\377\133\236\145\275\117\213\0003\377\032\132\001\200\301\201\352\220\002\136\224\214\003\145\164}{section.11}% 27
\BOOKMARK [1][-]{section.12}{\376\377\176\323\147\137\213\355}{}% 28
