\BOOKMARK [1][-]{section.1}{\376\377\144\130\211\201}{}% 1
\BOOKMARK [2][-]{subsection.1.1}{\376\377\116\055\145\207\144\130\211\201}{section.1}% 2
\BOOKMARK [2][-]{subsection.1.2}{\376\377\000E\000n\000g\000l\000i\000s\000h\000\040\000A\000b\000s\000t\000r\000a\000c\000t}{section.1}% 3
\BOOKMARK [2][-]{subsection.1.3}{\376\377\121\163\225\056\213\315}{section.1}% 4
\BOOKMARK [2][-]{subsection.1.4}{\376\377\142\200\147\057\145\110\147\234\144\130\211\201}{section.1}% 5
\BOOKMARK [1][-]{section.2}{\376\377\147\103\122\051\211\201\154\102\116\146}{}% 6
\BOOKMARK [2][-]{subsection.2.1}{\376\377\162\354\172\313\147\103\122\051\211\201\154\102}{section.2}% 7
\BOOKMARK [3][-]{subsubsection.2.1.1}{\376\377\147\103\122\051\211\201\154\102\000\040\0001\377\010\174\373\176\337\147\103\122\051\211\201\154\102\377\011}{subsection.2.1}% 8
\BOOKMARK [3][-]{subsubsection.2.1.2}{\376\377\147\103\122\051\211\201\154\102\000\040\0002\377\010\145\271\154\325\147\103\122\051\211\201\154\102\377\011}{subsection.2.1}% 9
\BOOKMARK [3][-]{subsubsection.2.1.3}{\376\377\147\103\122\051\211\201\154\102\000\040\0003\377\010\162\354\172\313\145\271\154\325\147\103\122\051\211\201\154\102\000\040\000-\000\040\122\006\136\003\137\017\133\306\224\245\165\037\142\020\377\011}{subsection.2.1}% 10
\BOOKMARK [2][-]{subsection.2.2}{\376\377\116\316\134\136\147\103\122\051\211\201\154\102}{section.2}% 11
\BOOKMARK [3][-]{subsubsection.2.2.1}{\376\377\117\235\215\126\116\216\147\103\122\051\211\201\154\102\000\040\0001\377\010\174\373\176\337\377\011\166\204\147\103\122\051\211\201\154\102}{subsection.2.2}% 12
\BOOKMARK [3][-]{subsubsection.2.2.2}{\376\377\117\235\215\126\116\216\147\103\122\051\211\201\154\102\000\040\0002\377\010\145\271\154\325\377\011\166\204\147\103\122\051\211\201\154\102}{subsection.2.2}% 13
\BOOKMARK [1][-]{section.3}{\376\377\213\364\146\016\116\146}{}% 14
\BOOKMARK [2][-]{subsection.3.1}{\376\377\142\200\147\057\230\206\127\337}{section.3}% 15
\BOOKMARK [2][-]{subsection.3.2}{\376\377\200\314\146\157\142\200\147\057}{section.3}% 16
\BOOKMARK [3][-]{subsubsection.3.2.1}{\376\377\163\260\147\011\142\200\147\057\166\204\134\100\226\120\140\047}{subsection.3.2}% 17
\BOOKMARK [3][-]{subsubsection.3.2.2}{\376\377\000F\000a\000l\000c\000o\000n\000\040\173\227\154\325\123\312\121\166\122\006\136\003\137\017\133\236\163\260\166\204\143\021\142\030}{subsection.3.2}% 18
\BOOKMARK [2][-]{subsection.3.3}{\376\377\123\321\146\016\121\205\133\271}{section.3}% 19
\BOOKMARK [3][-]{subsubsection.3.3.1}{\376\377\123\321\146\016\166\356\166\204}{subsection.3.3}% 20
\BOOKMARK [3][-]{subsubsection.3.3.2}{\376\377\142\200\147\057\145\271\150\110}{subsection.3.3}% 21
\BOOKMARK [2][-]{subsection.3.4}{\376\377\226\104\126\376\213\364\146\016}{section.3}% 22
\BOOKMARK [2][-]{subsection.3.5}{\376\377\121\167\117\123\133\236\145\275\145\271\137\017}{section.3}% 23
\BOOKMARK [3][-]{subsubsection.3.5.1}{\376\377\174\373\176\337\147\266\147\204}{subsection.3.5}% 24
\BOOKMARK [3][-]{subsubsection.3.5.2}{\376\377\133\236\145\275\117\213\000\040\0001\377\032\150\070\137\303\123\117\213\256\155\101\172\013}{subsection.3.5}% 25
\BOOKMARK [3][-]{subsubsection.3.5.3}{\376\377\133\236\145\275\117\213\000\040\0002\377\032\170\154\116\366\137\072\122\066\133\211\121\150\377\010\000T\000E\000E\000\040\226\306\142\020\377\011}{subsection.3.5}% 26
\BOOKMARK [3][-]{subsubsection.3.5.4}{\376\377\133\236\145\275\117\213\000\040\0003\377\032\000G\000a\000s\000\040\117\030\123\026\232\214\213\301}{subsection.3.5}% 27
\BOOKMARK [2][-]{subsection.3.6}{\376\377\142\200\147\057\145\110\147\234}{section.3}% 28
\BOOKMARK [3][-]{subsubsection.3.6.1}{\376\377\221\317\133\120\133\211\121\150\140\047}{subsection.3.6}% 29
\BOOKMARK [3][-]{subsubsection.3.6.2}{\376\377\232\330\140\047\200\375\116\016\176\317\155\116\123\357\210\114\140\047}{subsection.3.6}% 30
\BOOKMARK [3][-]{subsubsection.3.6.3}{\376\377\170\154\116\366\133\236\163\260\116\016\162\151\164\006\217\154\143\142}{subsection.3.6}% 31
\BOOKMARK [3][-]{subsubsection.3.6.4}{\376\377\174\373\176\337\120\145\130\356\140\047}{subsection.3.6}% 32
\BOOKMARK [1][-]{section.4}{\376\377\213\364\146\016\116\146\226\104\126\376}{}% 33
\BOOKMARK [2][-]{subsection.4.1}{\376\377\226\104\126\376\213\364\146\016}{section.4}% 34
