\BOOKMARK [1][-]{section.1}{\376\377\150\300\175\042\123\302\145\160\000\040\000/\000\040\000S\000e\000a\000r\000c\000h\000\040\000P\000a\000r\000a\000m\000e\000t\000e\000r\000s}{}% 1
\BOOKMARK [2][-]{subsection.1.1}{\376\377\117\177\165\050\166\204\121\163\225\056\213\315\000\040\000/\000\040\000K\000e\000y\000w\000o\000r\000d\000s\000\040\000U\000s\000e\000d}{section.1}% 2
\BOOKMARK [1][-]{section.2}{\376\377\000A\174\173\377\032\127\372\170\100\140\047\163\260\147\011\142\200\147\057\000\040\000/\000\040\000C\000a\000t\000e\000g\000o\000r\000y\000\040\000A\000:\000\040\000F\000o\000u\000n\000d\000a\000t\000i\000o\000n\000a\000l\000\040\000P\000r\000i\000o\000r\000\040\000A\000r\000t}{}% 3
\BOOKMARK [2][-]{subsection.2.1}{\376\377\000A\0001\000.\000\040\000F\000a\000l\000c\000o\000n\000\040\173\227\154\325\150\007\121\306}{section.2}% 4
\BOOKMARK [2][-]{subsection.2.2}{\376\377\000A\0002\000.\000\040\150\074\226\167\225\350\164\006\213\272}{section.2}% 5
\BOOKMARK [2][-]{subsection.2.3}{\376\377\000A\0003\000.\000\040\225\350\226\120\133\306\170\001\133\146\150\106\147\266}{section.2}% 6
\BOOKMARK [1][-]{section.3}{\376\377\000B\174\173\377\032\166\370\121\163\225\350\226\120\173\176\124\015\163\260\147\011\142\200\147\057\000\040\000/\000\040\000C\000a\000t\000e\000g\000o\000r\000y\000\040\000B\000:\000\040\000R\000e\000l\000a\000t\000e\000d\000\040\000T\000h\000r\000e\000s\000h\000o\000l\000d\000\040\000S\000i\000g\000n\000a\000t\000u\000r\000e\000\040\000P\000r\000i\000o\000r\000\040\000A\000r\000t}{}% 7
\BOOKMARK [2][-]{subsection.3.1}{\376\377\000B\0001\000.\000\040\000T\000h\000r\000e\000s\000h\000o\000l\000d\000\040\000D\000i\000l\000i\000t\000h\000i\000u\000m}{section.3}% 8
\BOOKMARK [2][-]{subsection.3.2}{\376\377\000B\0002\000.\000\040\127\372\116\216\150\074\166\204\000\040\000M\000P\000C\000\040\173\176\124\015}{section.3}% 9
\BOOKMARK [2][-]{subsection.3.3}{\376\377\000B\0003\000.\000\040\176\317\121\170\225\350\226\120\000\040\000E\000C\000D\000S\000A}{section.3}% 10
\BOOKMARK [1][-]{section.4}{\376\377\000C\174\173\377\032\000M\000P\000C\000\040\123\117\213\256\163\260\147\011\142\200\147\057\000\040\000/\000\040\000C\000a\000t\000e\000g\000o\000r\000y\000\040\000C\000:\000\040\000M\000P\000C\000\040\000P\000r\000o\000t\000o\000c\000o\000l\000\040\000P\000r\000i\000o\000r\000\040\000A\000r\000t}{}% 11
\BOOKMARK [2][-]{subsection.4.1}{\376\377\000C\0001\000.\000\040\000S\000P\000D\000Z\000\040\123\117\213\256}{section.4}% 12
\BOOKMARK [2][-]{subsection.4.2}{\376\377\000C\0002\000.\000\040\133\211\121\150\200\132\124\010}{section.4}% 13
\BOOKMARK [1][-]{section.5}{\376\377\000D\174\173\377\032\215\350\224\376\116\016\123\072\127\127\224\376\163\260\147\011\142\200\147\057\000\040\000/\000\040\000C\000a\000t\000e\000g\000o\000r\000y\000\040\000D\000:\000\040\000C\000r\000o\000s\000s\000-\000C\000h\000a\000i\000n\000\040\000a\000n\000d\000\040\000B\000l\000o\000c\000k\000c\000h\000a\000i\000n\000\040\000P\000r\000i\000o\000r\000\040\000A\000r\000t}{}% 14
\BOOKMARK [2][-]{subsection.5.1}{\376\377\000D\0001\000.\000\040\215\350\224\376\150\145\157\017\155\036\122\006\147\220}{section.5}% 15
\BOOKMARK [2][-]{subsection.5.2}{\376\377\000D\0002\000.\000\040\131\032\173\176\124\015\215\350\224\376\116\023\122\051}{section.5}% 16
\BOOKMARK [1][-]{section.6}{\376\377\000E\174\173\377\032\116\023\122\051\150\300\175\042\176\323\147\234\000\040\000/\000\040\000C\000a\000t\000e\000g\000o\000r\000y\000\040\000E\000:\000\040\000P\000a\000t\000e\000n\000t\000\040\000S\000e\000a\000r\000c\000h\000\040\000R\000e\000s\000u\000l\000t\000s}{}% 17
\BOOKMARK [2][-]{subsection.6.1}{\376\377\000U\000S\000P\000T\000O\000\040\150\300\175\042\176\323\147\234}{section.6}% 18
\BOOKMARK [2][-]{subsection.6.2}{\376\377\000E\000P\000O\000\040\150\300\175\042\176\323\147\234}{section.6}% 19
\BOOKMARK [2][-]{subsection.6.3}{\376\377\000C\000N\000I\000P\000A\000\040\150\300\175\042\176\323\147\234}{section.6}% 20
\BOOKMARK [1][-]{section.7}{\376\377\145\260\230\226\140\047\122\006\147\220\000\040\000/\000\040\000N\000o\000v\000e\000l\000t\000y\000\040\000A\000n\000a\000l\000y\000s\000i\000s}{}% 21
\BOOKMARK [2][-]{subsection.7.1}{\376\377\122\033\145\260\160\271\000\040\000A\377\032\173\227\147\057\121\161\116\253\000\040\000N\000T\000T\000\040\123\117\213\256}{section.7}% 22
\BOOKMARK [2][-]{subsection.7.2}{\376\377\122\033\145\260\160\271\000\040\000B\377\032\121\167\147\011\177\051\145\076\123\302\145\160\166\204\122\006\136\003\137\017\232\330\145\257\221\307\150\067}{section.7}% 23
\BOOKMARK [2][-]{subsection.7.3}{\376\377\122\033\145\260\160\271\000\040\000C\377\032\127\372\116\216\000\040\000B\000e\000a\000v\000e\000r\000\040\230\204\131\004\164\006\166\204\123\117\124\014\142\322\176\335\221\307\150\067}{section.7}% 24
\BOOKMARK [2][-]{subsection.7.4}{\376\377\122\033\145\260\160\271\000\040\000D\377\032\000N\000T\000R\000U\000\040\226\167\225\350\166\204\123\357\232\214\213\301\171\330\133\306\121\161\116\253}{section.7}% 25
\BOOKMARK [2][-]{subsection.7.5}{\376\377\122\033\145\260\160\271\000\040\000E\377\032\150\074\225\350\226\120\166\204\122\250\140\001\202\202\160\271\173\241\164\006}{section.7}% 26
\BOOKMARK [2][-]{subsection.7.6}{\376\377\122\033\145\260\160\271\000\040\000F\377\032\000N\000T\000R\000U\000\040\226\167\225\350\166\204\000\040\000M\000P\000C\000-\000E\000x\000t\000e\000n\000d\000e\000d\000-\000G\000C\000D}{section.7}% 27
\BOOKMARK [1][-]{section.8}{\376\377\123\357\116\023\122\051\140\047\213\304\117\060\000\040\000/\000\040\000P\000a\000t\000e\000n\000t\000a\000b\000i\000l\000i\000t\000y\000\040\000A\000s\000s\000e\000s\000s\000m\000e\000n\000t}{}% 28
\BOOKMARK [1][-]{section.9}{\376\377\147\103\122\051\211\201\154\102\135\356\137\002\123\026\167\351\226\065\000\040\000/\000\040\000C\000l\000a\000i\000m\000\040\000D\000i\000f\000f\000e\000r\000e\000n\000t\000i\000a\000t\000i\000o\000n\000\040\000M\000a\000t\000r\000i\000x}{}% 29
\BOOKMARK [1][-]{section.10}{\376\377\121\163\225\056\123\072\122\053\162\171\137\201\000\040\000/\000\040\000K\000e\000y\000\040\000D\000i\000s\000t\000i\000n\000g\000u\000i\000s\000h\000i\000n\000g\000\040\000F\000e\000a\000t\000u\000r\000e\000s}{}% 30
\BOOKMARK [1][-]{section.11}{\376\377\136\372\213\256\165\063\213\367\173\126\165\145\000\040\000/\000\040\000R\000e\000c\000o\000m\000m\000e\000n\000d\000e\000d\000\040\000F\000i\000l\000i\000n\000g\000\040\000S\000t\000r\000a\000t\000e\000g\000y}{}% 31
\BOOKMARK [1][-]{section.12}{\376\377\176\323\213\272\000\040\000/\000\040\000C\000o\000n\000c\000l\000u\000s\000i\000o\000n}{}% 32
